<?xml version="1.0" encoding="UTF-8"?>
<!-- Generated by org.testng.reporters.JUnitXMLReporter -->
<testsuite ignored="1" hostname="LAPTOP-0GFUST29" failures="0" tests="1" name="Default test" time="52.016" errors="0" timestamp="02 Dec 2023 14:13:11 GMT">
  <testcase classname="testcases.AddToCartTest" name="addmultiproductstest" time="4.574"/>
  <testcase classname="testcases.AddToCartTest" name="addoneproducttest" time="0.0">
    <ignored/>
  </testcase> <!-- addoneproducttest -->
</testsuite> <!-- Default test -->
