<?xml version="1.0" encoding="UTF-8"?>
<testng-results ignored="1" total="2" passed="1" failed="0" skipped="0">
  <reporter-output>
  </reporter-output>
  <suite started-at="2023-12-02T14:12:18Z" name="Default suite" finished-at="2023-12-02T14:13:10Z" duration-ms="52016">
    <groups>
    </groups>
    <test started-at="2023-12-02T14:12:18Z" name="Default test" finished-at="2023-12-02T14:13:10Z" duration-ms="52016">
      <class name="testcases.AddToCartTest">
        <test-method is-config="true" signature="SetUp()[pri:0, instance:testcases.AddToCartTest@2e48362c]" started-at="2023-12-02T14:12:18Z" name="SetUp" finished-at="2023-12-02T14:13:06Z" duration-ms="47414" status="PASS">
          <reporter-output>
          </reporter-output>
        </test-method> <!-- SetUp -->
        <test-method signature="addmultiproductstest()[pri:0, instance:testcases.AddToCartTest@2e48362c]" started-at="2023-12-02T14:13:06Z" name="addmultiproductstest" finished-at="2023-12-02T14:13:10Z" duration-ms="4574" status="PASS">
          <reporter-output>
          </reporter-output>
        </test-method> <!-- addmultiproductstest -->
        <test-method is-config="true" signature="TearDown()[pri:0, instance:testcases.AddToCartTest@2e48362c]" started-at="2023-12-02T14:13:10Z" name="TearDown" finished-at="2023-12-02T14:13:10Z" duration-ms="1" status="PASS">
          <reporter-output>
          </reporter-output>
        </test-method> <!-- TearDown -->
      </class> <!-- testcases.AddToCartTest -->
    </test> <!-- Default test -->
  </suite> <!-- Default suite -->
</testng-results>
